[  185047ms] [WARNING] The resource https://img.youtube.com/vi/VysRF-pTwPQ/mqdefault.jpg was preloaded using link preload but not used within a few seconds from the window's load event. Please make sure it has an appropriate `as` value and it is preloaded intentionally. @ http://localhost:3000/dashboard/projects/59d36904-fcd6-4f3f-9fa0-8e8ab9bfaa26:0
[  189550ms] [WARNING] The resource https://img.youtube.com/vi/VysRF-pTwPQ/mqdefault.jpg was preloaded using link preload but not used within a few seconds from the window's load event. Please make sure it has an appropriate `as` value and it is preloaded intentionally. @ http://localhost:3000/dashboard/projects/59d36904-fcd6-4f3f-9fa0-8e8ab9bfaa26:0
[  232104ms] [WARNING] The resource https://img.youtube.com/vi/VysRF-pTwPQ/mqdefault.jpg was preloaded using link preload but not used within a few seconds from the window's load event. Please make sure it has an appropriate `as` value and it is preloaded intentionally. @ http://localhost:3000/dashboard/projects/59d36904-fcd6-4f3f-9fa0-8e8ab9bfaa26:0
[  302388ms] [WARNING] The resource https://img.youtube.com/vi/VysRF-pTwPQ/mqdefault.jpg was preloaded using link preload but not used within a few seconds from the window's load event. Please make sure it has an appropriate `as` value and it is preloaded intentionally. @ http://localhost:3000/dashboard/projects/59d36904-fcd6-4f3f-9fa0-8e8ab9bfaa26:0
[  329155ms] [WARNING] The resource https://img.youtube.com/vi/VysRF-pTwPQ/mqdefault.jpg was preloaded using link preload but not used within a few seconds from the window's load event. Please make sure it has an appropriate `as` value and it is preloaded intentionally. @ http://localhost:3000/dashboard/projects/59d36904-fcd6-4f3f-9fa0-8e8ab9bfaa26:0
[  353372ms] [WARNING] The resource https://img.youtube.com/vi/VysRF-pTwPQ/mqdefault.jpg was preloaded using link preload but not used within a few seconds from the window's load event. Please make sure it has an appropriate `as` value and it is preloaded intentionally. @ http://localhost:3000/dashboard/projects/59d36904-fcd6-4f3f-9fa0-8e8ab9bfaa26:0
[  375423ms] [WARNING] The resource https://img.youtube.com/vi/VysRF-pTwPQ/mqdefault.jpg was preloaded using link preload but not used within a few seconds from the window's load event. Please make sure it has an appropriate `as` value and it is preloaded intentionally. @ http://localhost:3000/dashboard/projects/59d36904-fcd6-4f3f-9fa0-8e8ab9bfaa26:0
[  402181ms] [WARNING] The resource https://img.youtube.com/vi/VysRF-pTwPQ/mqdefault.jpg was preloaded using link preload but not used within a few seconds from the window's load event. Please make sure it has an appropriate `as` value and it is preloaded intentionally. @ http://localhost:3000/dashboard/projects/59d36904-fcd6-4f3f-9fa0-8e8ab9bfaa26:0
[  417703ms] [WARNING] The resource https://img.youtube.com/vi/VysRF-pTwPQ/mqdefault.jpg was preloaded using link preload but not used within a few seconds from the window's load event. Please make sure it has an appropriate `as` value and it is preloaded intentionally. @ http://localhost:3000/dashboard/projects/59d36904-fcd6-4f3f-9fa0-8e8ab9bfaa26:0
[  422789ms] [WARNING] The resource https://img.youtube.com/vi/VysRF-pTwPQ/mqdefault.jpg was preloaded using link preload but not used within a few seconds from the window's load event. Please make sure it has an appropriate `as` value and it is preloaded intentionally. @ http://localhost:3000/dashboard/projects/59d36904-fcd6-4f3f-9fa0-8e8ab9bfaa26:0
[  529742ms] [WARNING] The resource https://img.youtube.com/vi/VysRF-pTwPQ/mqdefault.jpg was preloaded using link preload but not used within a few seconds from the window's load event. Please make sure it has an appropriate `as` value and it is preloaded intentionally. @ http://localhost:3000/dashboard/projects/59d36904-fcd6-4f3f-9fa0-8e8ab9bfaa26:0
[  594995ms] [WARNING] The resource https://img.youtube.com/vi/VysRF-pTwPQ/mqdefault.jpg was preloaded using link preload but not used within a few seconds from the window's load event. Please make sure it has an appropriate `as` value and it is preloaded intentionally. @ http://localhost:3000/dashboard/projects/59d36904-fcd6-4f3f-9fa0-8e8ab9bfaa26:0
[  703398ms] [WARNING] The resource https://img.youtube.com/vi/VysRF-pTwPQ/mqdefault.jpg was preloaded using link preload but not used within a few seconds from the window's load event. Please make sure it has an appropriate `as` value and it is preloaded intentionally. @ http://localhost:3000/dashboard/projects/59d36904-fcd6-4f3f-9fa0-8e8ab9bfaa26:0
[  720367ms] [WARNING] The resource https://img.youtube.com/vi/VysRF-pTwPQ/mqdefault.jpg was preloaded using link preload but not used within a few seconds from the window's load event. Please make sure it has an appropriate `as` value and it is preloaded intentionally. @ http://localhost:3000/dashboard/projects/59d36904-fcd6-4f3f-9fa0-8e8ab9bfaa26:0
[  751823ms] [WARNING] The resource https://img.youtube.com/vi/VysRF-pTwPQ/mqdefault.jpg was preloaded using link preload but not used within a few seconds from the window's load event. Please make sure it has an appropriate `as` value and it is preloaded intentionally. @ http://localhost:3000/dashboard/projects/59d36904-fcd6-4f3f-9fa0-8e8ab9bfaa26:0
[  932486ms] [ERROR] Failed to load resource: the server responded with a status of 500 (Internal Server Error) @ http://localhost:3000/dashboard/projects/59d36904-fcd6-4f3f-9fa0-8e8ab9bfaa26:0
[  935490ms] [WARNING] The resource https://img.youtube.com/vi/VysRF-pTwPQ/mqdefault.jpg was preloaded using link preload but not used within a few seconds from the window's load event. Please make sure it has an appropriate `as` value and it is preloaded intentionally. @ http://localhost:3000/dashboard/projects/59d36904-fcd6-4f3f-9fa0-8e8ab9bfaa26:0
[  973527ms] [ERROR] Failed to load resource: the server responded with a status of 500 (Internal Server Error) @ http://localhost:3000/dashboard/projects/59d36904-fcd6-4f3f-9fa0-8e8ab9bfaa26:0
[  976530ms] [WARNING] The resource https://img.youtube.com/vi/VysRF-pTwPQ/mqdefault.jpg was preloaded using link preload but not used within a few seconds from the window's load event. Please make sure it has an appropriate `as` value and it is preloaded intentionally. @ http://localhost:3000/dashboard/projects/59d36904-fcd6-4f3f-9fa0-8e8ab9bfaa26:0
[ 1028114ms] [WARNING] The resource https://img.youtube.com/vi/VysRF-pTwPQ/mqdefault.jpg was preloaded using link preload but not used within a few seconds from the window's load event. Please make sure it has an appropriate `as` value and it is preloaded intentionally. @ http://localhost:3000/dashboard/projects/59d36904-fcd6-4f3f-9fa0-8e8ab9bfaa26:0
[ 1043350ms] [ERROR] Failed to load resource: the server responded with a status of 500 (Internal Server Error) @ http://localhost:3000/dashboard/projects/59d36904-fcd6-4f3f-9fa0-8e8ab9bfaa26:0
[ 1046353ms] [WARNING] The resource https://img.youtube.com/vi/VysRF-pTwPQ/mqdefault.jpg was preloaded using link preload but not used within a few seconds from the window's load event. Please make sure it has an appropriate `as` value and it is preloaded intentionally. @ http://localhost:3000/dashboard/projects/59d36904-fcd6-4f3f-9fa0-8e8ab9bfaa26:0
[ 1055765ms] [ERROR] Failed to load resource: the server responded with a status of 500 (Internal Server Error) @ http://localhost:3000/dashboard/projects/59d36904-fcd6-4f3f-9fa0-8e8ab9bfaa26:0
[ 1058783ms] [WARNING] The resource https://img.youtube.com/vi/VysRF-pTwPQ/mqdefault.jpg was preloaded using link preload but not used within a few seconds from the window's load event. Please make sure it has an appropriate `as` value and it is preloaded intentionally. @ http://localhost:3000/dashboard/projects/59d36904-fcd6-4f3f-9fa0-8e8ab9bfaa26:0
[ 1093906ms] [WARNING] The resource https://img.youtube.com/vi/VysRF-pTwPQ/mqdefault.jpg was preloaded using link preload but not used within a few seconds from the window's load event. Please make sure it has an appropriate `as` value and it is preloaded intentionally. @ http://localhost:3000/dashboard/projects/59d36904-fcd6-4f3f-9fa0-8e8ab9bfaa26:0
[ 1100693ms] [WARNING] The resource https://img.youtube.com/vi/VysRF-pTwPQ/mqdefault.jpg was preloaded using link preload but not used within a few seconds from the window's load event. Please make sure it has an appropriate `as` value and it is preloaded intentionally. @ http://localhost:3000/dashboard/projects/59d36904-fcd6-4f3f-9fa0-8e8ab9bfaa26:0
[ 1112222ms] [ERROR] Failed to load resource: the server responded with a status of 500 (Internal Server Error) @ http://localhost:3000/dashboard/projects/59d36904-fcd6-4f3f-9fa0-8e8ab9bfaa26:0
[ 1115231ms] [WARNING] The resource https://img.youtube.com/vi/VysRF-pTwPQ/mqdefault.jpg was preloaded using link preload but not used within a few seconds from the window's load event. Please make sure it has an appropriate `as` value and it is preloaded intentionally. @ http://localhost:3000/dashboard/projects/59d36904-fcd6-4f3f-9fa0-8e8ab9bfaa26:0
[ 1118499ms] [ERROR] Failed to load resource: the server responded with a status of 500 (Internal Server Error) @ http://localhost:3000/dashboard/projects/59d36904-fcd6-4f3f-9fa0-8e8ab9bfaa26:0
[ 1121502ms] [WARNING] The resource https://img.youtube.com/vi/VysRF-pTwPQ/mqdefault.jpg was preloaded using link preload but not used within a few seconds from the window's load event. Please make sure it has an appropriate `as` value and it is preloaded intentionally. @ http://localhost:3000/dashboard/projects/59d36904-fcd6-4f3f-9fa0-8e8ab9bfaa26:0
[ 1189694ms] [WARNING] The resource https://img.youtube.com/vi/VysRF-pTwPQ/mqdefault.jpg was preloaded using link preload but not used within a few seconds from the window's load event. Please make sure it has an appropriate `as` value and it is preloaded intentionally. @ http://localhost:3000/dashboard/projects/59d36904-fcd6-4f3f-9fa0-8e8ab9bfaa26:0
[ 1216339ms] [WARNING] The resource https://img.youtube.com/vi/VysRF-pTwPQ/mqdefault.jpg was preloaded using link preload but not used within a few seconds from the window's load event. Please make sure it has an appropriate `as` value and it is preloaded intentionally. @ http://localhost:3000/dashboard/projects/59d36904-fcd6-4f3f-9fa0-8e8ab9bfaa26:0
[ 1220469ms] [ERROR] Failed to load resource: the server responded with a status of 500 (Internal Server Error) @ http://localhost:3000/dashboard/projects/59d36904-fcd6-4f3f-9fa0-8e8ab9bfaa26:0
[ 1223472ms] [WARNING] The resource https://img.youtube.com/vi/VysRF-pTwPQ/mqdefault.jpg was preloaded using link preload but not used within a few seconds from the window's load event. Please make sure it has an appropriate `as` value and it is preloaded intentionally. @ http://localhost:3000/dashboard/projects/59d36904-fcd6-4f3f-9fa0-8e8ab9bfaa26:0
[ 1241190ms] [WARNING] The resource https://img.youtube.com/vi/VysRF-pTwPQ/mqdefault.jpg was preloaded using link preload but not used within a few seconds from the window's load event. Please make sure it has an appropriate `as` value and it is preloaded intentionally. @ http://localhost:3000/dashboard/projects/59d36904-fcd6-4f3f-9fa0-8e8ab9bfaa26:0
[ 1245203ms] [ERROR] Failed to load resource: the server responded with a status of 500 (Internal Server Error) @ http://localhost:3000/dashboard/projects/59d36904-fcd6-4f3f-9fa0-8e8ab9bfaa26:0
[ 1248205ms] [WARNING] The resource https://img.youtube.com/vi/VysRF-pTwPQ/mqdefault.jpg was preloaded using link preload but not used within a few seconds from the window's load event. Please make sure it has an appropriate `as` value and it is preloaded intentionally. @ http://localhost:3000/dashboard/projects/59d36904-fcd6-4f3f-9fa0-8e8ab9bfaa26:0
[ 1297595ms] [WARNING] The resource https://img.youtube.com/vi/VysRF-pTwPQ/mqdefault.jpg was preloaded using link preload but not used within a few seconds from the window's load event. Please make sure it has an appropriate `as` value and it is preloaded intentionally. @ http://localhost:3000/dashboard/projects/59d36904-fcd6-4f3f-9fa0-8e8ab9bfaa26:0
[ 1317705ms] [WARNING] The resource https://img.youtube.com/vi/VysRF-pTwPQ/mqdefault.jpg was preloaded using link preload but not used within a few seconds from the window's load event. Please make sure it has an appropriate `as` value and it is preloaded intentionally. @ http://localhost:3000/dashboard/projects/59d36904-fcd6-4f3f-9fa0-8e8ab9bfaa26:0
[ 1343221ms] [WARNING] The resource https://img.youtube.com/vi/VysRF-pTwPQ/mqdefault.jpg was preloaded using link preload but not used within a few seconds from the window's load event. Please make sure it has an appropriate `as` value and it is preloaded intentionally. @ http://localhost:3000/dashboard/projects/59d36904-fcd6-4f3f-9fa0-8e8ab9bfaa26:0
[ 1435863ms] [ERROR] Code evaluation error: SyntaxError: Unexpected token '<'
    at new Function (<anonymous>)
    at evaluateRemotionCode (http://localhost:3000/_next/static/chunks/src_418d8dd3._.js?id=%255Bproject%255D%252Fsrc%252Ffeatures%252Fremotion%252Flib%252FcodeEvaluator.ts+%255Bapp-client%255D+%2528ecmascript%2529:48:25)
    at AnimationPreviewPlayer.useMemo[Component] (http://localhost:3000/_next/static/chunks/src_dd86766d._.js:1712:199)
    at updateMemo (http://localhost:3000/_next/static/chunks/node_modules_next_dist_compiled_react-dom_1e674e59._.js:5444:21)
    at Object.useMemo (http://localhost:3000/_next/static/chunks/node_modules_next_dist_compiled_react-dom_1e674e59._.js:15255:24)
    at exports.useMemo (http://localhost:3000/_next/static/chunks/node_modules_next_dist_compiled_a0e4c7b4._.js:1742:36)
    at AnimationPreviewPlayer (http://localhost:3000/_next/static/chunks/src_dd86766d._.js:1710:196)
    at Object.react_stack_bottom_frame (http://localhost:3000/_next/static/chunks/node_modules_next_dist_compiled_react-dom_1e674e59._.js:14826:24)
    at renderWithHooks (http://localhost:3000/_next/static/chunks/node_modules_next_dist_compiled_react-dom_1e674e59._.js:4651:24)
    at updateFunctionComponent (http://localhost:3000/_next/static/chunks/node_modules_next_dist_compiled_react-dom_1e674e59._.js:6112:21)
    at beginWork (http://localhost:3000/_next/static/chunks/node_modules_next_dist_compiled_react-dom_1e674e59._.js:6708:24)
    at runWithFiberInDEV (http://localhost:3000/_next/static/chunks/node_modules_next_dist_compiled_react-dom_1e674e59._.js:965:74)
    at performUnitOfWork (http://localhost:3000/_next/static/chunks/node_modules_next_dist_compiled_react-dom_1e674e59._.js:9562:97)
    at workLoopSync (http://localhost:3000/_next/static/chunks/node_modules_next_dist_compiled_react-dom_1e674e59._.js:9456:40)
    at renderRootSync (http://localhost:3000/_next/static/chunks/node_modules_next_dist_compiled_react-dom_1e674e59._.js:9440:13)
    at performWorkOnRoot (http://localhost:3000/_next/static/chunks/node_modules_next_dist_compiled_react-dom_1e674e59._.js:9068:186)
    at performSyncWorkOnRoot (http://localhost:3000/_next/static/chunks/node_modules_next_dist_compiled_react-dom_1e674e59._.js:10238:9)
    at flushSyncWorkAcrossRoots_impl (http://localhost:3000/_next/static/chunks/node_modules_next_dist_compiled_react-dom_1e674e59._.js:10154:316)
    at flushSyncWork$1 (http://localhost:3000/_next/static/chunks/node_modules_next_dist_compiled_react-dom_1e674e59._.js:9237:86)
    at Object.scheduleRefresh (http://localhost:3000/_next/static/chunks/node_modules_next_dist_compiled_react-dom_1e674e59._.js:299:13)
    at http://localhost:3000/_next/static/chunks/node_modules_next_dist_compiled_a0e4c7b4._.js:391:33
    at Set.forEach (<anonymous>)
    at Object.performReactRefresh (http://localhost:3000/_next/static/chunks/node_modules_next_dist_compiled_a0e4c7b4._.js:384:38)
    at applyUpdate (http://localhost:3000/_next/static/chunks/node_modules_next_dist_compiled_a0e4c7b4._.js:878:31)
    at http://localhost:3000/_next/static/chunks/node_modules_next_dist_compiled_a0e4c7b4._.js:886:13 @ http://localhost:3000/_next/static/chunks/node_modules_next_dist_f3530cac._.js:3127
[ 1435864ms] [ERROR] Code evaluation error: SyntaxError: Unexpected token '<'
    at new Function (<anonymous>)
    at evaluateRemotionCode (http://localhost:3000/_next/static/chunks/src_418d8dd3._.js?id=%255Bproject%255D%252Fsrc%252Ffeatures%252Fremotion%252Flib%252FcodeEvaluator.ts+%255Bapp-client%255D+%2528ecmascript%2529:48:25)
    at AnimationPreviewPlayer.useMemo[Component] (http://localhost:3000/_next/static/chunks/src_dd86766d._.js:1712:199)
    at updateMemo (http://localhost:3000/_next/static/chunks/node_modules_next_dist_compiled_react-dom_1e674e59._.js:5448:17)
    at Object.useMemo (http://localhost:3000/_next/static/chunks/node_modules_next_dist_compiled_react-dom_1e674e59._.js:15255:24)
    at exports.useMemo (http://localhost:3000/_next/static/chunks/node_modules_next_dist_compiled_a0e4c7b4._.js:1742:36)
    at AnimationPreviewPlayer (http://localhost:3000/_next/static/chunks/src_dd86766d._.js:1710:196)
    at Object.react_stack_bottom_frame (http://localhost:3000/_next/static/chunks/node_modules_next_dist_compiled_react-dom_1e674e59._.js:14826:24)
    at renderWithHooks (http://localhost:3000/_next/static/chunks/node_modules_next_dist_compiled_react-dom_1e674e59._.js:4651:24)
    at updateFunctionComponent (http://localhost:3000/_next/static/chunks/node_modules_next_dist_compiled_react-dom_1e674e59._.js:6112:21)
    at beginWork (http://localhost:3000/_next/static/chunks/node_modules_next_dist_compiled_react-dom_1e674e59._.js:6708:24)
    at runWithFiberInDEV (http://localhost:3000/_next/static/chunks/node_modules_next_dist_compiled_react-dom_1e674e59._.js:965:74)
    at performUnitOfWork (http://localhost:3000/_next/static/chunks/node_modules_next_dist_compiled_react-dom_1e674e59._.js:9562:97)
    at workLoopSync (http://localhost:3000/_next/static/chunks/node_modules_next_dist_compiled_react-dom_1e674e59._.js:9456:40)
    at renderRootSync (http://localhost:3000/_next/static/chunks/node_modules_next_dist_compiled_react-dom_1e674e59._.js:9440:13)
    at performWorkOnRoot (http://localhost:3000/_next/static/chunks/node_modules_next_dist_compiled_react-dom_1e674e59._.js:9068:186)
    at performSyncWorkOnRoot (http://localhost:3000/_next/static/chunks/node_modules_next_dist_compiled_react-dom_1e674e59._.js:10238:9)
    at flushSyncWorkAcrossRoots_impl (http://localhost:3000/_next/static/chunks/node_modules_next_dist_compiled_react-dom_1e674e59._.js:10154:316)
    at flushSyncWork$1 (http://localhost:3000/_next/static/chunks/node_modules_next_dist_compiled_react-dom_1e674e59._.js:9237:86)
    at Object.scheduleRefresh (http://localhost:3000/_next/static/chunks/node_modules_next_dist_compiled_react-dom_1e674e59._.js:299:13)
    at http://localhost:3000/_next/static/chunks/node_modules_next_dist_compiled_a0e4c7b4._.js:391:33
    at Set.forEach (<anonymous>)
    at Object.performReactRefresh (http://localhost:3000/_next/static/chunks/node_modules_next_dist_compiled_a0e4c7b4._.js:384:38)
    at applyUpdate (http://localhost:3000/_next/static/chunks/node_modules_next_dist_compiled_a0e4c7b4._.js:878:31)
    at http://localhost:3000/_next/static/chunks/node_modules_next_dist_compiled_a0e4c7b4._.js:886:13 @ http://localhost:3000/_next/static/chunks/node_modules_next_dist_f3530cac._.js:3127
[ 1438933ms] [WARNING] The resource https://img.youtube.com/vi/VysRF-pTwPQ/mqdefault.jpg was preloaded using link preload but not used within a few seconds from the window's load event. Please make sure it has an appropriate `as` value and it is preloaded intentionally. @ http://localhost:3000/dashboard/projects/59d36904-fcd6-4f3f-9fa0-8e8ab9bfaa26:0
[ 1458750ms] [WARNING] The resource https://img.youtube.com/vi/VysRF-pTwPQ/mqdefault.jpg was preloaded using link preload but not used within a few seconds from the window's load event. Please make sure it has an appropriate `as` value and it is preloaded intentionally. @ http://localhost:3000/dashboard/projects/59d36904-fcd6-4f3f-9fa0-8e8ab9bfaa26:0
